{
  "RSpec": {
    "coverage": {
      "/home/thoughtful-agent-6858/tic-tac-toe-rb-nyc-fasttrack-082419/lib/tic_tac_toe.rb": [
        null,
        1,
        14,
        14,
        14,
        14,
        14,
        null,
        null,
        1,
        13,
        null,
        null,
        1,
        13,
        null,
        null,
        1,
        15,
        null,
        null,
        1,
        13,
        null,
        null,
        1,
        10,
        10,
        10,
        10,
        9,
        9,
        null,
        1,
        null,
        null,
        null,
        null,
        1,
        0,
        0,
        0,
        0,
        null,
        null,
        null,
        1,
        2,
        2,
        18,
        5,
        null,
        null,
        2,
        null,
        null,
        null,
        1,
        1,
        1,
        null,
        0,
        null,
        null,
        null,
        null,
        null,
        1,
        12,
        4,
        0,
        0,
        0,
        null,
        null
      ]
    },
    "timestamp": 1566757123
  }
}
